

================================================================
== Vivado HLS Report for 'eth'
================================================================
* Date:           Sat Dec 25 12:03:26 2021

* Version:        2018.2 (Build 2258646 on Thu Jun 14 20:25:20 MDT 2018)
* Project:        Output_port_lookup
* Solution:       solution2
* Product family: virtex7
* Target device:  xc7vx690tffg1761-3


================================================================
== Performance Estimates
================================================================
+ Timing (ns): 
    * Summary: 
    +--------+-------+----------+------------+
    |  Clock | Target| Estimated| Uncertainty|
    +--------+-------+----------+------------+
    |ap_clk  |  10.00|     1.510|        1.25|
    +--------+-------+----------+------------+

+ Latency (clock cycles): 
    * Summary: 
    +-----+-----+-----+-----+---------+
    |  Latency  |  Interval | Pipeline|
    | min | max | min | max |   Type  |
    +-----+-----+-----+-----+---------+
    |    0|    0|    0|    0|   none  |
    +-----+-----+-----+-----+---------+

    + Detail: 
        * Instance: 
        N/A

        * Loop: 
        N/A



================================================================
== Utilization Estimates
================================================================
* Summary: 
+-----------------+---------+-------+--------+--------+
|       Name      | BRAM_18K| DSP48E|   FF   |   LUT  |
+-----------------+---------+-------+--------+--------+
|DSP              |        -|      -|       -|       -|
|Expression       |        -|      -|       0|     108|
|FIFO             |        -|      -|       -|       -|
|Instance         |        -|      -|       -|       -|
|Memory           |        -|      -|       -|       -|
|Multiplexer      |        -|      -|       -|     111|
|Register         |        -|      -|     107|       -|
+-----------------+---------+-------+--------+--------+
|Total            |        0|      0|     107|     219|
+-----------------+---------+-------+--------+--------+
|Available        |     2940|   3600|  866400|  433200|
+-----------------+---------+-------+--------+--------+
|Utilization (%)  |        0|      0|   ~0   |   ~0   |
+-----------------+---------+-------+--------+--------+

+ Detail: 
    * Instance: 
    N/A

    * DSP48: 
    N/A

    * Memory: 
    N/A

    * FIFO: 
    N/A

    * Expression: 
    +----------------------------------+----------+-------+---+----+------------+------------+
    |           Variable Name          | Operation| DSP48E| FF| LUT| Bitwidth P0| Bitwidth P1|
    +----------------------------------+----------+-------+---+----+------------+------------+
    |brmerge_demorgan_fu_199_p2        |    and   |      0|  0|   2|           1|           1|
    |ssdm_int_V_write_ass_4_fu_229_p2  |    and   |      0|  0|   2|           1|           1|
    |ssdm_int_V_write_ass_2_fu_213_p3  |  select  |      0|  0|  48|           1|          48|
    |ssdm_int_V_write_ass_3_fu_221_p3  |  select  |      0|  0|   8|           1|           8|
    |ssdm_int_V_write_ass_fu_205_p3    |  select  |      0|  0|  48|           1|          48|
    +----------------------------------+----------+-------+---+----+------------+------------+
    |Total                             |          |      0|  0| 108|           5|         106|
    +----------------------------------+----------+-------+---+----+------------+------------+

    * Multiplexer: 
    +---------------------------------------+----+-----------+-----+-----------+
    |                  Name                 | LUT| Input Size| Bits| Total Bits|
    +---------------------------------------+----+-----------+-----+-----------+
    |ap_phi_mux_dst_mac_V_1_phi_fu_110_p8   |  15|          3|   48|        144|
    |ap_phi_mux_eth_done_V_1_phi_fu_142_p8  |  15|          3|    1|          3|
    |ap_phi_mux_src_mac_V_1_phi_fu_94_p8    |  15|          3|   48|        144|
    |ap_phi_mux_src_port_V_1_phi_fu_126_p8  |  15|          3|    8|         24|
    |ap_phi_mux_write_flag3_1_phi_fu_77_p8  |  15|          3|    1|          3|
    |ap_return_0                            |   9|          2|   48|         96|
    |ap_return_1                            |   9|          2|   48|         96|
    |ap_return_2                            |   9|          2|    8|         16|
    |ap_return_3                            |   9|          2|    1|          2|
    +---------------------------------------+----+-----------+-----+-----------+
    |Total                                  | 111|         23|  211|        528|
    +---------------------------------------+----+-----------+-----+-----------+

    * Register: 
    +------------------+----+----+-----+-----------+
    |       Name       | FF | LUT| Bits| Const Bits|
    +------------------+----+----+-----+-----------+
    |ap_CS_fsm         |   1|   0|    1|          0|
    |ap_return_0_preg  |  48|   0|   48|          0|
    |ap_return_1_preg  |  48|   0|   48|          0|
    |ap_return_2_preg  |   8|   0|    8|          0|
    |ap_return_3_preg  |   1|   0|    1|          0|
    |state             |   1|   0|    1|          0|
    +------------------+----+----+-----+-----------+
    |Total             | 107|   0|  107|          0|
    +------------------+----+----+-----+-----------+



================================================================
== Interface
================================================================
* Summary: 
+-------------+-----+-----+------------+--------------+--------------+
|  RTL Ports  | Dir | Bits|  Protocol  | Source Object|    C Type    |
+-------------+-----+-----+------------+--------------+--------------+
|ap_clk       |  in |    1| ap_ctrl_hs |      eth     | return value |
|ap_rst       |  in |    1| ap_ctrl_hs |      eth     | return value |
|ap_start     |  in |    1| ap_ctrl_hs |      eth     | return value |
|ap_done      | out |    1| ap_ctrl_hs |      eth     | return value |
|ap_idle      | out |    1| ap_ctrl_hs |      eth     | return value |
|ap_ready     | out |    1| ap_ctrl_hs |      eth     | return value |
|ap_return_0  | out |   48| ap_ctrl_hs |      eth     | return value |
|ap_return_1  | out |   48| ap_ctrl_hs |      eth     | return value |
|ap_return_2  | out |    8| ap_ctrl_hs |      eth     | return value |
|ap_return_3  | out |    1| ap_ctrl_hs |      eth     | return value |
|tdata_V      |  in |  256|   ap_none  |    tdata_V   |    scalar    |
|tuser_V      |  in |  128|   ap_none  |    tuser_V   |    scalar    |
|valid_V      |  in |    1|   ap_none  |    valid_V   |    scalar    |
|tlast_V      |  in |    1|   ap_none  |    tlast_V   |    scalar    |
|reset_V      |  in |    1|   ap_none  |    reset_V   |    scalar    |
+-------------+-----+-----+------------+--------------+--------------+

